Error,17/11/2024 18:48:08,MsiInstaller,10005,Ninguno,Product: MySQL Server 9.1 -- This application requires Visual Studio 2019 x64 Redistributable. Please install the Redistributable then run this installer again.
Información,17/11/2024 18:48:03,MsiInstaller,1040,Ninguno,Iniciando una transacción de Windows Installer: C:\Users\Administrador\Downloads\Nextcloud-3.14.3-x64.msi. Id. de proceso del cliente: 4680.
Información,17/11/2024 18:47:13,Microsoft-Windows-Search-ProfileNotify,5,Ninguno,"El servicio Windows Search creó una configuración predeterminada para el nuevo usuario 'IIS APPPOOL\.NET v4.5' .
"
Información,17/11/2024 18:46:59,Microsoft-Windows-Search-ProfileNotify,5,Ninguno,"El servicio Windows Search creó una configuración predeterminada para el nuevo usuario 'IIS APPPOOL\.NET v4.5 Classic' .
"
Información,17/11/2024 18:39:39,Microsoft-Windows-RestartManager,10000,Ninguno,Iniciando sesión 1 - ‎2024‎-‎11‎-‎17T17:39:39.708396300Z.
Información,17/11/2024 18:39:39,Microsoft-Windows-RestartManager,10000,Ninguno,Iniciando sesión 1 - ‎2024‎-‎11‎-‎17T17:39:39.443738000Z.
Información,17/11/2024 18:38:23,Microsoft-Windows-Security-SPP,16384,Ninguno,El servicio de protección de software se programó correctamente para reiniciarse a las 2025-04-16T12:21:23Z. Motivo: RulesEngine.
Información,17/11/2024 18:37:52,Microsoft-Windows-Security-SPP,16394,Ninguno,La migración de nivel inferior sin conexión se realizó correctamente.
Información,17/11/2024 18:36:42,Microsoft-Windows-CAPI2,4097,Ninguno,"Actualización automática correcta del certificado raíz de terceros: sujeto: <OU=Go Daddy Class 2 Certification Authority, O=""The Go Daddy Group, Inc."", C=US>, huella digital Sha1: <2796BAE63F1801E277261BA0D77770028F20EEE4>."
Información,17/11/2024 18:30:38,Microsoft-Windows-CAPI2,4097,Ninguno,"Actualización automática correcta del certificado raíz de terceros: sujeto: <CN=AAA Certificate Services, O=Comodo CA Limited, L=Salford, S=Greater Manchester, C=GB>, huella digital Sha1: <D1EB23A46D17D68FD92564C2F1F1601764D8E349>."
Información,17/11/2024 18:11:11,ESENT,103,General,"netsh (6520,T,97) El motor de base de datos detuvo la instancia (0). 
 
Cierre con problemas: 0 
 
Secuencia interna de intervalos: 
[1] 0.000004 +J(0)
[2] 0.000012 +J(0) +M(C:0K, Fs:1, WS:4K # 0K, PF:0K # 0K, P:0K)
[3] 0.000003 +J(0) +M(C:0K, Fs:2, WS:8K # 0K, PF:0K # 0K, P:0K)
[4] 0.000002 +J(0)
[5] 0.032178 -0.020829 (5) WT +J(0) +M(C:0K, Fs:6, WS:16K # 0K, PF:0K # 0K, P:0K)
[6] 0.000016 +J(0)
[7] 0.000005 +J(0)
[8] 0.043246 -0.004651 (11) WT +J(CM:0, PgRf:0, Rd:0/0, Dy:0/0, Lg:4042/2) +M(C:0K, Fs:4, WS:-20K # 0K, PF:-24K # 0K, P:-24K)
[9] 0.004197 -0.000649 (1) WT +J(CM:0, PgRf:0, Rd:0/0, Dy:0/0, Lg:66/1) +M(C:0K, Fs:1, WS:4K # 0K, PF:0K # 0K, P:0K)
[10] 0.002163 +J(0)
[11] 0.007177 -0.000859 (2) WT +J(0)
[12] 0.000038 +J(0) +M(C:0K, Fs:0, WS:-4K # 0K, PF:-4K # 0K, P:-4K)
[13] 0.001054 +J(0)
[14] 0.000018 +J(0) +M(C:0K, Fs:0, WS:-16K # 0K, PF:-32K # 0K, P:-32K)
[15] 0.000002 +J(0)."
Información,17/11/2024 18:11:11,ESENT,326,General,"netsh (6520,D,50) Tel motor de base de datos adjuntó una base de datos (1, C:\Windows\system32\dhcp\dhcp.mdb). (Tiempo =0 segundos)  
 
caché guardada:  0 0 
datos adicionales:  lgposAttach = 00000008:0014:0268,
dbv = 1568.180.400 (9360) 
 
secuencia de temporización interna:  
[1] 0.000004 +J(0) +M(C:0K, Fs:1, WS:4K # 0K, PF:0K # 0K, P:0K)
[2] 0.001821 -0.000765 (1) WT +J(0) +M(C:0K, Fs:18, WS:8K # 0K, PF:4K # 0K, P:4K)
[3] 0.020488 -0.004520 (6) WT +J(CM:0, PgRf:0, Rd:0/0, Dy:0/0, Lg:3480/2) +M(C:0K, Fs:16, WS:56K # 0K, PF:104K # 0K, P:104K)
[4] 0.002657 +J(0)
[5] -
[6] -
[7] -
[8] 0.004372 -0.004010 (2) CM -0.003477 (2) WT +J(CM:2, PgRf:2, Rd:4/2, Dy:0/0, Lg:54/1) +M(C:8K, Fs:31, WS:120K # 0K, PF:224K # 0K, P:224K)
[9] 0.004773 -0.004181 (5) CM -0.003240 (5) WT +J(CM:5, PgRf:23, Rd:0/4, Dy:0/0, Lg:0/0) +M(C:0K, Fs:30, WS:112K # 0K, PF:196K # 0K, P:196K)
[10] 0.003273 -0.003164 (3) CM -0.002389 (3) WT +J(CM:3, PgRf:40, Rd:0/3, Dy:0/0, Lg:0/0) +M(C:0K, Fs:5, WS:20K # 0K, PF:64K # 0K, P:64K)
[11] 0.000013 +J(CM:0, PgRf:1, Rd:0/0, Dy:0/0, Lg:0/0) +M(C:0K, Fs:4, WS:16K # 0K, PF:0K # 0K, P:0K)
[12] 0.000018 +J(CM:0, PgRf:36, Rd:0/0, Dy:0/0, Lg:0/0) +M(C:0K, Fs:1, WS:4K # 0K, PF:0K # 0K, P:0K)
[13] 0.0 +J(0)
[14] 0.0 +J(0)
[15] 0.000003 +J(CM:0, PgRf:1, Rd:0/0, Dy:0/0, Lg:0/0)."
Información,17/11/2024 18:11:11,ESENT,105,General,"netsh (6520,D,0) Tel motor de base de datos inició una nueva instancia (0). (Tiempo =0 segundos)  
 
datos adicionales: 
  
 
secuencia de temporización interna:  
[1] 0.000861 +J(0) +M(C:0K, Fs:98, WS:380K # 0K, PF:2316K # 0K, P:2316K)
[2] 0.000154 +J(0) +M(C:8K, Fs:86, WS:340K # 0K, PF:16K # 0K, P:16K)
[3] 0.000008 +J(0) +M(C:0K, Fs:3, WS:12K # 0K, PF:64K # 0K, P:64K)
[4] 0.000050 +J(0) +M(C:0K, Fs:20, WS:80K # 0K, PF:136K # 0K, P:136K)
[5] 0.001754 +J(0) +M(C:0K, Fs:58, WS:228K # 0K, PF:476K # 0K, P:476K)
[6] 0.003605 +J(0) +M(C:0K, Fs:19, WS:76K # 0K, PF:12K # 0K, P:12K)
[7] 0.014352 -0.008971 (3) WT +J(0) +M(C:0K, Fs:275, WS:1096K # 0K, PF:1028K # 0K, P:1028K)
[8] -
[9] -
[10] -
[11] -
[12] -
[13] 0.031037 -0.009175 (4) WT +J(CM:0, PgRf:0, Rd:0/0, Dy:0/0, Lg:616/1) +M(C:0K, Fs:6, WS:-1008K # 0K, PF:-1024K # 0K, P:-1024K)
[14] 0.000020 +J(0)
[15] 0.000034 +J(0) +M(C:0K, Fs:16, WS:64K # 0K, PF:64K # 0K, P:64K)
[16] 0.003535 -0.000407 (1) WT +J(0) +M(C:0K, Fs:3, WS:4K # 0K, PF:0K # 0K, P:0K)."
Información,17/11/2024 18:11:11,ESENT,102,General,"netsh (6520,P,98) El motor de base de datos (10.00.20348.0000) inicia una nueva instancia (0)."
Información,17/11/2024 18:11:11,ESENT,103,General,"netsh (6520,T,97) El motor de base de datos detuvo la instancia (0). 
 
Cierre con problemas: 0 
 
Secuencia interna de intervalos: 
[1] 0.000004 +J(0)
[2] 0.000012 +J(0) +M(C:0K, Fs:1, WS:4K # 0K, PF:0K # 0K, P:0K)
[3] 0.000003 +J(0) +M(C:0K, Fs:2, WS:8K # 0K, PF:0K # 0K, P:0K)
[4] 0.000002 +J(0)
[5] 0.024655 -0.008662 (6) WT +J(0) +M(C:0K, Fs:6, WS:16K # 0K, PF:0K # 0K, P:0K)
[6] 0.000023 +J(0)
[7] 0.000006 +J(0)
[8] 0.045711 -0.004224 (11) WT +J(CM:0, PgRf:0, Rd:0/0, Dy:0/0, Lg:4042/2) +M(C:0K, Fs:4, WS:-20K # 0K, PF:-24K # 0K, P:-24K)
[9] 0.004546 -0.001594 (1) WT +J(CM:0, PgRf:0, Rd:0/0, Dy:0/0, Lg:66/1) +M(C:0K, Fs:1, WS:4K # 0K, PF:0K # 0K, P:0K)
[10] 0.001809 +J(0)
[11] 0.005179 -0.000908 (2) WT +J(0)
[12] 0.000038 +J(0) +M(C:0K, Fs:0, WS:-4K # 0K, PF:-4K # 0K, P:-4K)
[13] 0.001236 +J(0)
[14] 0.000019 +J(0) +M(C:0K, Fs:0, WS:-16K # 0K, PF:-32K # 0K, P:-32K)
[15] 0.000002 +J(0)."
Información,17/11/2024 18:11:11,ESENT,326,General,"netsh (6520,D,50) Tel motor de base de datos adjuntó una base de datos (1, C:\Windows\system32\dhcp\dhcp.mdb). (Tiempo =0 segundos)  
 
caché guardada:  0 0 
datos adicionales:  lgposAttach = 00000008:0011:0268,
dbv = 1568.180.400 (9360) 
 
secuencia de temporización interna:  
[1] 0.000004 +J(0) +M(C:0K, Fs:1, WS:4K # 0K, PF:0K # 0K, P:0K)
[2] 0.005030 -0.003908 (1) WT +J(0) +M(C:0K, Fs:18, WS:8K # 0K, PF:4K # 0K, P:4K)
[3] 0.022969 -0.005379 (6) WT +J(CM:0, PgRf:0, Rd:0/0, Dy:0/0, Lg:3480/2) +M(C:0K, Fs:15, WS:52K # 0K, PF:104K # 0K, P:104K)
[4] 0.003717 +J(0)
[5] -
[6] -
[7] -
[8] 0.002150 -0.001866 (2) CM -0.001462 (2) WT +J(CM:2, PgRf:2, Rd:4/2, Dy:0/0, Lg:54/1) +M(C:8K, Fs:31, WS:120K # 0K, PF:224K # 0K, P:224K)
[9] 0.004953 -0.004512 (4) CM -0.002592 (4) WT +J(CM:4, PgRf:23, Rd:0/4, Dy:0/0, Lg:0/0) +M(C:0K, Fs:30, WS:112K # 0K, PF:196K # 0K, P:196K)
[10] 0.007130 -0.006897 (3) CM -0.005503 (3) WT +J(CM:3, PgRf:40, Rd:0/3, Dy:0/0, Lg:0/0) +M(C:0K, Fs:5, WS:20K # 0K, PF:64K # 0K, P:64K)
[11] 0.000735 -0.000700 (1) CM -0.000583 (1) WT +J(CM:1, PgRf:1, Rd:0/1, Dy:0/0, Lg:0/0) +M(C:0K, Fs:4, WS:16K # 0K, PF:0K # 0K, P:0K)
[12] 0.000024 +J(CM:0, PgRf:36, Rd:0/0, Dy:0/0, Lg:0/0) +M(C:0K, Fs:1, WS:4K # 0K, PF:0K # 0K, P:0K)
[13] 0.0 +J(0)
[14] 0.0 +J(0)
[15] 0.000004 +J(CM:0, PgRf:1, Rd:0/0, Dy:0/0, Lg:0/0)."
Información,17/11/2024 18:11:11,ESENT,105,General,"netsh (6520,D,0) Tel motor de base de datos inició una nueva instancia (0). (Tiempo =0 segundos)  
 
datos adicionales: 
  
 
secuencia de temporización interna:  
[1] 0.003189 +J(0) +M(C:0K, Fs:97, WS:376K # 0K, PF:2316K # 0K, P:2316K)
[2] 0.000412 +J(0) +M(C:8K, Fs:91, WS:360K # 0K, PF:16K # 0K, P:16K)
[3] 0.000011 +J(0) +M(C:0K, Fs:3, WS:12K # 0K, PF:64K # 0K, P:64K)
[4] 0.000188 +J(0) +M(C:0K, Fs:19, WS:76K # 0K, PF:136K # 0K, P:136K)
[5] 0.002203 +J(0) +M(C:0K, Fs:42, WS:164K # 0K, PF:476K # 0K, P:476K)
[6] 0.010546 +J(0) +M(C:0K, Fs:35, WS:140K # 0K, PF:12K # 0K, P:12K)
[7] 0.018697 -0.009951 (3) WT +J(0) +M(C:0K, Fs:275, WS:1096K # 0K, PF:1028K # 0K, P:1028K)
[8] -
[9] -
[10] -
[11] -
[12] -
[13] 0.024437 -0.006284 (4) WT +J(CM:0, PgRf:0, Rd:0/0, Dy:0/0, Lg:616/1) +M(C:0K, Fs:6, WS:-1008K # 0K, PF:-1024K # 0K, P:-1024K)
[14] 0.000018 +J(0)
[15] 0.000060 +J(0) +M(C:0K, Fs:16, WS:64K # 0K, PF:64K # 0K, P:64K)
[16] 0.001324 -0.000281 (1) WT +J(0) +M(C:0K, Fs:3, WS:4K # 0K, PF:0K # 0K, P:0K)."
Información,17/11/2024 18:11:11,ESENT,102,General,"netsh (6520,P,98) El motor de base de datos (10.00.20348.0000) inicia una nueva instancia (0)."
Información,17/11/2024 18:08:20,Microsoft-Windows-Security-SPP,16384,Ninguno,El servicio de protección de software se programó correctamente para reiniciarse a las 2025-04-16T12:21:20Z. Motivo: RulesEngine.
Información,17/11/2024 18:07:49,Microsoft-Windows-Security-SPP,16394,Ninguno,La migración de nivel inferior sin conexión se realizó correctamente.
Información,17/11/2024 18:03:57,Microsoft-Windows-Security-SPP,16384,Ninguno,El servicio de protección de software se programó correctamente para reiniciarse a las 2025-04-16T12:20:57Z. Motivo: RulesEngine.
Información,17/11/2024 18:03:27,Microsoft-Windows-Security-SPP,1033,Ninguno,"Se excluyeron las directivas porque solo están definidas con el atributo de solo invalidación.
Nombres de directiva=(Security-SPP-Reserved-EnableNotificationMode) 
Id. de aplicación=55c92734-d682-4d71-983e-d6ec3f16059f
Id. de SKU=1d02774d-66ab-4c57-8b14-e254fdce09d4"
Información,17/11/2024 18:03:27,Microsoft-Windows-Security-SPP,1034,Ninguno,Se encontró una definición duplicada de la directiva. Nombre de directiva=Security-SPP-Reserved-LicenseProperties  Prioridad=100
Información,17/11/2024 18:03:25,Microsoft-Windows-Security-SPP,16394,Ninguno,La migración de nivel inferior sin conexión se realizó correctamente.
Información,17/11/2024 17:53:25,Microsoft-Windows-RestartManager,10001,Ninguno,Finalizando sesión 0 iniciada ‎2024‎-‎11‎-‎17T16:50:11.611960600Z.
Información,17/11/2024 17:53:25,MsiInstaller,1042,Ninguno,Finalizando una transacción de Windows Installer: C:\ProgramData\Soda PDF Desktop 14\Installation\soda-desktop14-ocr-tess-module-14.0.437.22898-x64.msi. Id. de proceso del cliente: 3876.
Información,17/11/2024 17:53:25,MsiInstaller,1033,Ninguno,Windows Installer instaló el producto. Nombre del producto: Soda PDF Desktop 14 OCR TESS Module. Versión del producto: 14.0.437.22898. Idioma del producto: 1033. Fabricante: Avanquest Software. Resultado de la instalación: 0.
Información,17/11/2024 17:53:25,MsiInstaller,11707,Ninguno,Product: Soda PDF Desktop 14 OCR TESS Module -- Installation completed successfully.
Información,17/11/2024 17:50:11,Microsoft-Windows-RestartManager,10000,Ninguno,Iniciando sesión 0 - ‎2024‎-‎11‎-‎17T16:50:11.611960600Z.
Información,17/11/2024 17:50:06,MsiInstaller,1040,Ninguno,Iniciando una transacción de Windows Installer: C:\ProgramData\Soda PDF Desktop 14\Installation\soda-desktop14-ocr-tess-module-14.0.437.22898-x64.msi. Id. de proceso del cliente: 3876.
Información,17/11/2024 17:50:02,Microsoft-Windows-RestartManager,10001,Ninguno,Finalizando sesión 0 iniciada ‎2024‎-‎11‎-‎17T16:49:14.808592600Z.
Información,17/11/2024 17:50:02,MsiInstaller,1042,Ninguno,Finalizando una transacción de Windows Installer: C:\ProgramData\Soda PDF Desktop 14\Installation\soda-desktop14-ocr-module-14.0.437.22898-x64.msi. Id. de proceso del cliente: 3876.
Información,17/11/2024 17:50:02,MsiInstaller,1033,Ninguno,Windows Installer instaló el producto. Nombre del producto: Soda PDF Desktop 14 OCR Module. Versión del producto: 14.0.437.22898. Idioma del producto: 1033. Fabricante: Avanquest Software. Resultado de la instalación: 0.
Información,17/11/2024 17:50:02,MsiInstaller,11707,Ninguno,Product: Soda PDF Desktop 14 OCR Module -- Installation completed successfully.
Información,17/11/2024 17:49:14,Microsoft-Windows-RestartManager,10000,Ninguno,Iniciando sesión 0 - ‎2024‎-‎11‎-‎17T16:49:14.808592600Z.
Información,17/11/2024 17:49:01,MsiInstaller,1040,Ninguno,Iniciando una transacción de Windows Installer: C:\ProgramData\Soda PDF Desktop 14\Installation\soda-desktop14-ocr-module-14.0.437.22898-x64.msi. Id. de proceso del cliente: 3876.
Información,17/11/2024 17:49:00,Microsoft-Windows-RestartManager,10001,Ninguno,Finalizando sesión 0 iniciada ‎2024‎-‎11‎-‎17T16:48:12.188127100Z.
Información,17/11/2024 17:49:00,MsiInstaller,1042,Ninguno,Finalizando una transacción de Windows Installer: C:\ProgramData\Soda PDF Desktop 14\Installation\soda-desktop14-edit-module-14.0.437.22898-x64.msi. Id. de proceso del cliente: 3876.
Información,17/11/2024 17:49:00,MsiInstaller,1033,Ninguno,Windows Installer instaló el producto. Nombre del producto: Soda PDF Desktop 14 Edit Module. Versión del producto: 14.0.437.22898. Idioma del producto: 1033. Fabricante: Avanquest Software. Resultado de la instalación: 0.
Información,17/11/2024 17:49:00,MsiInstaller,11707,Ninguno,Product: Soda PDF Desktop 14 Edit Module -- Installation completed successfully.
Información,17/11/2024 17:48:12,Microsoft-Windows-RestartManager,10000,Ninguno,Iniciando sesión 0 - ‎2024‎-‎11‎-‎17T16:48:12.188127100Z.
Información,17/11/2024 17:48:07,MsiInstaller,1040,Ninguno,Iniciando una transacción de Windows Installer: C:\ProgramData\Soda PDF Desktop 14\Installation\soda-desktop14-edit-module-14.0.437.22898-x64.msi. Id. de proceso del cliente: 3876.
Información,17/11/2024 17:47:51,Microsoft-Windows-RestartManager,10001,Ninguno,Finalizando sesión 0 iniciada ‎2024‎-‎11‎-‎17T16:46:35.010440900Z.
Información,17/11/2024 17:47:51,MsiInstaller,1042,Ninguno,Finalizando una transacción de Windows Installer: C:\ProgramData\Soda PDF Desktop 14\Installation\soda-desktop14-startup-14.0.437.22898-x64.msi. Id. de proceso del cliente: 3876.
Información,17/11/2024 17:47:51,MsiInstaller,1033,Ninguno,Windows Installer instaló el producto. Nombre del producto: Soda PDF Desktop 14 View Module. Versión del producto: 14.0.437.22898. Idioma del producto: 1033. Fabricante: Avanquest Software. Resultado de la instalación: 0.
Información,17/11/2024 17:47:51,MsiInstaller,11707,Ninguno,Product: Soda PDF Desktop 14 View Module -- Installation completed successfully.
Información,17/11/2024 17:47:49,Soda PDF Desktop 14,0,Ninguno,La operación se completó correctamente. 
Información,17/11/2024 17:46:35,Microsoft-Windows-RestartManager,10000,Ninguno,Iniciando sesión 0 - ‎2024‎-‎11‎-‎17T16:46:35.010440900Z.
Información,17/11/2024 17:46:22,MsiInstaller,1040,Ninguno,Iniciando una transacción de Windows Installer: C:\ProgramData\Soda PDF Desktop 14\Installation\soda-desktop14-startup-14.0.437.22898-x64.msi. Id. de proceso del cliente: 3876.
Información,17/11/2024 17:45:55,Microsoft-Windows-CAPI2,4097,Ninguno,"Actualización automática correcta del certificado raíz de terceros: sujeto: <CN=ISRG Root X1, O=Internet Security Research Group, C=US>, huella digital Sha1: <CABD2A79A1076A31F21D253635CB039D4329A5E8>."
Información,17/11/2024 17:45:54,Microsoft-Windows-CAPI2,4097,Ninguno,"Actualización automática correcta del certificado raíz de terceros: sujeto: <CN=GlobalSign Root CA, OU=Root CA, O=GlobalSign nv-sa, C=BE>, huella digital Sha1: <B1BC968BD4F49D622AA89A81F2150152A41D829C>."
Información,17/11/2024 17:45:43,VSS,8224,Ninguno,El servicio VSS se está cerrando por un tiempo de espera inactivo. 
Información,17/11/2024 17:45:39,Microsoft-Windows-CAPI2,4097,Ninguno,"Actualización automática correcta del certificado raíz de terceros: sujeto: <CN=Entrust Root Certification Authority - G2, OU=""(c) 2009 Entrust, Inc. - for authorized use only"", OU=See www.entrust.net/legal-terms, O=""Entrust, Inc."", C=US>, huella digital Sha1: <8CF427FD790C3AD166068DE81E57EFBB932272D4>."
Información,17/11/2024 17:42:39,Windows Error Reporting,1001,Ninguno,"Depósito con errores 2039724538816565925, tipo 5
Nombre de evento: WindowsWcpOtherFailure3
Respuesta: No disponible
Identificador de archivo .cab: 0

Firma del problema:
P1: 10.0.20348.557:3
P2: wcp\plugins\printadvancedinstaller\dll\setupippai.cpp
P3: Windows::WCP::SetupIppAI::BasicInstaller::FindElementInCollection
P4: 1481
P5: 8002802b
P6: 0xc20f921d
P7: 
P8: 
P9: 
P10: 

Archivos adjuntos:
\\?\C:\ProgramData\Microsoft\Windows\WER\Temp\WER.428e2726-0ede-48fb-b2e0-844110f2fbaa.tmp.WERInternalMetadata.xml

Es posible que estos archivos estén disponibles aquí:
\\?\C:\ProgramData\Microsoft\Windows\WER\ReportArchive\Critical_10.0.20348.557_3_c53fd761943ada801eb73fa8bba49459f2c3134_00000000_66a1d55d-9ffc-48a5-abdc-bb42bd04bb47

Símbolo de análisis: 
Nueva búsqueda de una solución: 0
Id. de informe: 66a1d55d-9ffc-48a5-abdc-bb42bd04bb47
Estado del informe: 268435456
Depósito con algoritmo hash: bdf650b4dc4d417e4c4e8ea93fcf12a5
GUID de archivo .cab: 0"
Información,17/11/2024 17:42:37,Windows Error Reporting,1001,Ninguno,"Depósito con errores , tipo 0
Nombre de evento: WindowsWcpOtherFailure3
Respuesta: No disponible
Identificador de archivo .cab: 0

Firma del problema:
P1: 10.0.20348.557:3
P2: wcp\plugins\printadvancedinstaller\dll\setupippai.cpp
P3: Windows::WCP::SetupIppAI::BasicInstaller::FindElementInCollection
P4: 1481
P5: 8002802b
P6: 0xc20f921d
P7: 
P8: 
P9: 
P10: 

Archivos adjuntos:
\\?\C:\Windows\Logs\CBS\CBS.log
\\?\C:\Windows\servicing\Sessions\Sessions.xml
\\?\C:\Windows\servicing\Sessions\31144207_2173723168.xml
\\?\C:\Windows\WinSxs\pending.xml
\\?\C:\Windows\system32\LogFiles\Scm\SCM.EVM
\\?\C:\Windows\Logs\Cbs\FilterList.log

Es posible que estos archivos estén disponibles aquí:


Símbolo de análisis: 
Nueva búsqueda de una solución: 0
Id. de informe: 66a1d55d-9ffc-48a5-abdc-bb42bd04bb47
Estado del informe: 262148
Depósito con algoritmo hash: 
GUID de archivo .cab: 0"
Información,17/11/2024 17:42:37,Windows Error Reporting,1001,Ninguno,"Depósito con errores , tipo 0
Nombre de evento: WindowsWcpOtherFailure3
Respuesta: No disponible
Identificador de archivo .cab: 0

Firma del problema:
P1: 10.0.20348.557:3
P2: wcp\plugins\printadvancedinstaller\dll\setupippai.cpp
P3: Windows::WCP::SetupIppAI::BasicInstaller::FindElementInCollection
P4: 1481
P5: 8002802b
P6: 0xc20f921d
P7: 
P8: 
P9: 
P10: 

Archivos adjuntos:

Es posible que estos archivos estén disponibles aquí:
\\?\C:\ProgramData\Microsoft\Windows\WER\ReportQueue\Critical_10.0.20348.557_3_c53fd761943ada801eb73fa8bba49459f2c3134_00000000_66a1d55d-9ffc-48a5-abdc-bb42bd04bb47

Símbolo de análisis: 
Nueva búsqueda de una solución: 0
Id. de informe: 66a1d55d-9ffc-48a5-abdc-bb42bd04bb47
Estado del informe: 4
Depósito con algoritmo hash: 
GUID de archivo .cab: 0"
Información,17/11/2024 17:38:19,Microsoft-Windows-Security-SPP,16384,Ninguno,El servicio de protección de software se programó correctamente para reiniciarse a las 2025-04-16T12:21:19Z. Motivo: RulesEngine.
Información,17/11/2024 17:37:49,Microsoft-Windows-Security-SPP,1033,Ninguno,"Se excluyeron las directivas porque solo están definidas con el atributo de solo invalidación.
Nombres de directiva=(Security-SPP-Reserved-EnableNotificationMode) 
Id. de aplicación=55c92734-d682-4d71-983e-d6ec3f16059f
Id. de SKU=1d02774d-66ab-4c57-8b14-e254fdce09d4"
Información,17/11/2024 17:37:49,Microsoft-Windows-Security-SPP,1034,Ninguno,Se encontró una definición duplicada de la directiva. Nombre de directiva=Security-SPP-Reserved-LicenseProperties  Prioridad=100
Información,17/11/2024 17:37:48,Microsoft-Windows-Security-SPP,16394,Ninguno,La migración de nivel inferior sin conexión se realizó correctamente.
Información,17/11/2024 17:30:20,VSS,8224,Ninguno,El servicio VSS se está cerrando por un tiempo de espera inactivo. 
Información,17/11/2024 17:25:46,VSS,8224,Ninguno,El servicio VSS se está cerrando por un tiempo de espera inactivo. 
Información,17/11/2024 17:23:43,Microsoft-Windows-Management-UI,2316,Machine Picker Active Directory Initialize.,"Active Directory Initialize Error: System.DirectoryServices.ActiveDirectory.ActiveDirectoryObjectNotFoundException: El equipo local no está unido a un dominio o no se puede establecer contacto con el dominio.
   en System.DirectoryServices.ActiveDirectory.Domain.GetComputerDomain()
   en Microsoft.Management.UI.Primitives.ActiveDirectoryWrapperFactory.GetComputerDomain()
   en Microsoft.Management.UI.Primitives.ActiveDirectoryNavigationItemFactory.CreateInternal(Object state)"
Información,17/11/2024 17:08:18,Microsoft-Windows-Security-SPP,16384,Ninguno,El servicio de protección de software se programó correctamente para reiniciarse a las 2025-04-16T12:21:18Z. Motivo: RulesEngine.
Información,17/11/2024 17:07:47,Microsoft-Windows-Security-SPP,16394,Ninguno,La migración de nivel inferior sin conexión se realizó correctamente.
Información,17/11/2024 17:07:45,tvnserver,257,Ninguno,The client 192.168.24.1 has disconnected
Información,17/11/2024 17:06:46,tvnserver,257,Ninguno,Authentication passed by 192.168.24.1
Información,17/11/2024 17:05:24,MsiInstaller,1033,Ninguno,Windows Installer instaló el producto. Nombre del producto: TightVNC. Versión del producto: 2.8.85.0. Idioma del producto: 1033. Fabricante: GlavSoft LLC.. Resultado de la instalación: 0.
Información,17/11/2024 17:05:24,MsiInstaller,11707,Ninguno,Product: TightVNC -- Installation completed successfully.
Información,17/11/2024 17:05:22,Microsoft-Windows-RestartManager,10001,Ninguno,Finalizando sesión 0 iniciada ‎2024‎-‎11‎-‎17T16:04:36.439292900Z.
Información,17/11/2024 17:05:22,MsiInstaller,1042,Ninguno,Finalizando una transacción de Windows Installer: C:\Users\Administrador\Downloads\tightvnc-2.8.85-gpl-setup-64bit.msi. Id. de proceso del cliente: 6544.
Información,17/11/2024 17:04:42,tvnserver,257,Ninguno,Service has been started successfully
Información,17/11/2024 17:04:36,Microsoft-Windows-RestartManager,10000,Ninguno,Iniciando sesión 0 - ‎2024‎-‎11‎-‎17T16:04:36.439292900Z.
Información,17/11/2024 17:04:36,MsiInstaller,1040,Ninguno,Iniciando una transacción de Windows Installer: C:\Users\Administrador\Downloads\tightvnc-2.8.85-gpl-setup-64bit.msi. Id. de proceso del cliente: 6544.
Información,17/11/2024 17:03:48,Microsoft-Windows-CAPI2,4097,Ninguno,"Actualización automática correcta del certificado raíz de terceros: sujeto: <CN=GlobalSign, O=GlobalSign, OU=GlobalSign Root CA - R3>, huella digital Sha1: <D69B561148F01C77C54578C10926DF5B856976AD>."
Información,17/11/2024 16:58:55,Microsoft-Windows-Security-SPP,16384,Ninguno,El servicio de protección de software se programó correctamente para reiniciarse a las 2025-04-16T12:20:55Z. Motivo: RulesEngine.
Información,17/11/2024 16:58:14,Microsoft-Windows-Security-SPP,1033,Ninguno,"Se excluyeron las directivas porque solo están definidas con el atributo de solo invalidación.
Nombres de directiva=(Security-SPP-Reserved-EnableNotificationMode) 
Id. de aplicación=55c92734-d682-4d71-983e-d6ec3f16059f
Id. de SKU=1d02774d-66ab-4c57-8b14-e254fdce09d4"
Información,17/11/2024 16:58:14,Microsoft-Windows-Security-SPP,1034,Ninguno,Se encontró una definición duplicada de la directiva. Nombre de directiva=Security-SPP-Reserved-LicenseProperties  Prioridad=100
Información,17/11/2024 16:58:13,Microsoft-Windows-Security-SPP,16394,Ninguno,La migración de nivel inferior sin conexión se realizó correctamente.
Información,17/11/2024 16:42:45,VSS,8224,Ninguno,El servicio VSS se está cerrando por un tiempo de espera inactivo. 
Información,17/11/2024 16:38:56,Microsoft-Windows-Security-SPP,16384,Ninguno,El servicio de protección de software se programó correctamente para reiniciarse a las 2025-04-16T12:20:55Z. Motivo: RulesEngine.
Información,17/11/2024 16:37:46,Microsoft-Windows-Security-SPP,16394,Ninguno,La migración de nivel inferior sin conexión se realizó correctamente.
Información,17/11/2024 16:37:02,Microsoft-Windows-CAPI2,4097,Ninguno,"Actualización automática correcta del certificado raíz de terceros: sujeto: <CN=DigiCert Global Root G3, OU=www.digicert.com, O=DigiCert Inc, C=US>, huella digital Sha1: <7E04DE896A3E666D00E687D33FFAD93BE83D349E>."
Información,17/11/2024 16:21:38,Bitvise Installer,4097,Ninguno,Bitvise SSH Server 9.39 installation completed.
Información,17/11/2024 16:21:26,Bitvise Installer,4097,Ninguno,Bitvise SSH Server 9.39 installation started.
Información,17/11/2024 16:12:08,Microsoft-Windows-CAPI2,4097,Ninguno,"Actualización automática correcta del certificado raíz de terceros: sujeto: <CN=USERTrust RSA Certification Authority, O=The USERTRUST Network, L=Jersey City, S=New Jersey, C=US>, huella digital Sha1: <2B8F1B57330DBBA2D07A6C51F70EE90DDAB9AD8E>."
Información,17/11/2024 16:11:58,Bitvise Installer,4097,Ninguno,Bitvise SSH Server 9.39 installation completed.
Información,17/11/2024 16:11:33,Bitvise Installer,4097,Ninguno,Bitvise SSH Server 9.39 installation started.
Información,17/11/2024 16:08:39,Microsoft-Windows-CAPI2,4097,Ninguno,"Actualización automática correcta del certificado raíz de terceros: sujeto: <CN=DigiCert Assured ID Root CA, OU=www.digicert.com, O=DigiCert Inc, C=US>, huella digital Sha1: <0563B8630D62D75ABBC8AB1E4BDFB5A899B24D43>."
Información,17/11/2024 16:08:30,Microsoft-Windows-Security-SPP,16384,Ninguno,El servicio de protección de software se programó correctamente para reiniciarse a las 2025-04-16T12:21:29Z. Motivo: RulesEngine.
Información,17/11/2024 16:07:45,Microsoft-Windows-Security-SPP,16394,Ninguno,La migración de nivel inferior sin conexión se realizó correctamente.
Información,17/11/2024 16:07:27,VSS,8224,Ninguno,El servicio VSS se está cerrando por un tiempo de espera inactivo. 
Información,17/11/2024 16:06:05,Microsoft-Windows-Security-SPP,16384,Ninguno,El servicio de protección de software se programó correctamente para reiniciarse a las 2025-04-16T12:21:04Z. Motivo: RulesEngine.
Información,17/11/2024 16:04:47,Windows Error Reporting,1001,Ninguno,"Depósito con errores 2001656869875323465, tipo 5
Nombre de evento: RADAR_PRE_LEAK_64
Respuesta: No disponible
Identificador de archivo .cab: 0

Firma del problema:
P1: msedge.exe
P2: 131.0.2903.51
P3: 10.0.20348.2.0.0
P4: 
P5: 
P6: 
P7: 
P8: 
P9: 
P10: 

Archivos adjuntos:
\\?\C:\Users\ADMINI~1\AppData\Local\Temp\RDRC304.tmp\empty.txt
\\?\C:\ProgramData\Microsoft\Windows\WER\Temp\WER.2dcdc036-252d-4725-971b-7f7778996628.tmp.WERInternalMetadata.xml
\\?\C:\ProgramData\Microsoft\Windows\WER\Temp\WER.a6916cac-80a0-4d1d-96e5-204a792c7367.tmp.xml
\\?\C:\ProgramData\Microsoft\Windows\WER\Temp\WER.c721b27e-090b-4551-9a1e-c924f68e1304.tmp.csv
\\?\C:\ProgramData\Microsoft\Windows\WER\Temp\WER.7795983a-6853-4ea2-8b25-df3b139740bf.tmp.txt

Es posible que estos archivos estén disponibles aquí:


Símbolo de análisis: 
Nueva búsqueda de una solución: 0
Id. de informe: 675f193e-95a0-4909-8917-323223d93b26
Estado del informe: 268435456
Depósito con algoritmo hash: c15f69f543acc5abebc7505163239249
GUID de archivo .cab: 0"
Información,17/11/2024 16:04:42,Microsoft-Windows-Security-SPP,1033,Ninguno,"Se excluyeron las directivas porque solo están definidas con el atributo de solo invalidación.
Nombres de directiva=(Security-SPP-Reserved-EnableNotificationMode) 
Id. de aplicación=55c92734-d682-4d71-983e-d6ec3f16059f
Id. de SKU=1d02774d-66ab-4c57-8b14-e254fdce09d4"
Información,17/11/2024 16:04:42,Microsoft-Windows-Security-SPP,1034,Ninguno,Se encontró una definición duplicada de la directiva. Nombre de directiva=Security-SPP-Reserved-LicenseProperties  Prioridad=100
Información,17/11/2024 16:04:42,Microsoft-Windows-Security-SPP,16394,Ninguno,La migración de nivel inferior sin conexión se realizó correctamente.
Advertencia,17/11/2024 16:04:25,Microsoft-Windows-WMI,63,Ninguno,"Un proveedor (PS_SmisProvider) se ha registrado en el espacio de nombres del Instrumental de administración de Windows, root\Microsoft\Windows\Storage\SM, para usar la cuenta LocalSystem. Esta cuenta tiene privilegios y el proveedor puede originar una infracción de seguridad si no suplanta correctamente las solicitudes de usuarios."
Advertencia,17/11/2024 16:04:25,Microsoft-Windows-WMI,63,Ninguno,"Un proveedor (PS_SmisProvider) se ha registrado en el espacio de nombres del Instrumental de administración de Windows, root\Microsoft\Windows\Storage\SM, para usar la cuenta LocalSystem. Esta cuenta tiene privilegios y el proveedor puede originar una infracción de seguridad si no suplanta correctamente las solicitudes de usuarios."
Error,17/11/2024 16:04:23,Microsoft-Windows-WMI,24,Ninguno,"El proveedor de eventos WMIStorage intentó registrar la consulta ""SELECT * FROM MSFT_SMStorageEvent"" en la que no existe la clase de destino ""MSFT_SMStorageEvent"" en el espacio de nombres //./ROOT/Microsoft/Windows/Storage/SM. Se omitirá la consulta."
Error,17/11/2024 16:04:23,Microsoft-Windows-WMI,24,Ninguno,"El proveedor de eventos  intentó registrar la consulta ""SELECT * FROM MSFT_SMStorageEvent"" en la que no existe la clase de destino ""MSFT_SMStorageEvent"" en el espacio de nombres //./ROOT/Microsoft/Windows/Storage/SM. Se omitirá la consulta."
Información,17/11/2024 15:54:10,Microsoft-Windows-Winlogon,6000,Ninguno,El suscriptor de notificaciones winlogon <SessionEnv> no estaba disponible para controlar un evento de notificación.
Información,17/11/2024 15:54:09,Microsoft-Windows-Winlogon,6003,Ninguno,El suscriptor de notificaciones winlogon <SessionEnv> no estaba disponible para controlar un evento de notificación crítico.
Información,17/11/2024 15:53:35,Microsoft-Windows-CAPI2,4111,Ninguno,"Actualización automática correcta de la lista raíz de terceros con fecha efectiva: ‎martes, ‎14‎ de ‎mayo‎ de ‎2024 17:23:18."
Información,17/11/2024 15:53:35,Microsoft-Windows-CAPI2,4108,Ninguno,"Eliminación automática correcta de certificado raíz de terceros: sujeto: <OU=Class 3 Public Primary Certification Authority, O=""VeriSign, Inc."", C=US>, huella digital Sha1: <4F65566336DB6598581D584A596C87934D5F2AB4>."
Información,17/11/2024 15:53:35,Microsoft-Windows-CAPI2,4109,Ninguno,"Actualización automática correcta de propiedad de certificado raíz de terceros: sujeto: <OU=Class 3 Public Primary Certification Authority, O=""VeriSign, Inc."", C=US>, huella digital Sha1: <742C3192E607E424EB4549542BE1BBC53E6174E2>."
Información,17/11/2024 15:38:07,Microsoft-Windows-Security-SPP,16384,Ninguno,El servicio de protección de software se programó correctamente para reiniciarse a las 2025-04-16T12:21:06Z. Motivo: RulesEngine.
Información,17/11/2024 15:37:36,Microsoft-Windows-Security-SPP,16394,Ninguno,La migración de nivel inferior sin conexión se realizó correctamente.
Información,17/11/2024 15:22:27,MsiInstaller,1042,Ninguno,Finalizando una transacción de Windows Installer: {BDD79957-5801-4A2D-B09E-852E7FA64D01}. Id. de proceso del cliente: 1628.
Información,17/11/2024 15:22:27,MsiInstaller,1040,Ninguno,Iniciando una transacción de Windows Installer: {BDD79957-5801-4A2D-B09E-852E7FA64D01}. Id. de proceso del cliente: 1628.
Información,17/11/2024 15:11:42,Microsoft-Windows-LoadPerf,1000,Ninguno,Se cargaron correctamente los contadores de rendimiento del servicio WmiApRpl (WmiApRpl). Los datos de registro en la sección de datos contienen los nuevos valores de los índices asignados a este servicio.
Información,17/11/2024 15:11:42,Microsoft-Windows-LoadPerf,1001,Ninguno,Se quitaron correctamente los contadores de rendimiento del servicio WmiApRpl (WmiApRpl). Los datos de registro contienen los nuevos valores de las entradas del Registro Último contador y Última ayuda del sistema.
Información,17/11/2024 15:10:10,Microsoft-Windows-Security-SPP,16384,Ninguno,El servicio de protección de software se programó correctamente para reiniciarse a las 2025-04-16T12:21:10Z. Motivo: RulesEngine.
Información,17/11/2024 15:09:40,Microsoft-Windows-Security-SPP,16394,Ninguno,La migración de nivel inferior sin conexión se realizó correctamente.
Información,17/11/2024 15:09:40,Microsoft-Windows-Security-SPP,900,Ninguno,"Se está iniciando el servicio de protección de software.
Parámetros:<explicit>"
Información,17/11/2024 15:09:39,Microsoft-Windows-MSDTC 2,4202,TM,"MSDTC se inició con la configuración siguiente: Configuración de seguridad (desactivada = 0 y activada = 1): Permitir administrador remoto = 0, Clientes de red = 0, Comunicación con el administrador de transacciones:  Permitir transacciones entrantes = 0, Permitir transacciones salientes = 0, Protocolo Internet de transacciones (TIP) = 0,  Habilitar transacciones XA = 0,  Habilitar transacciones de SNA LU 6.2 = 1,  Seguridad de las comunicaciones MSDTC = Se requiere autenticación mutua, Cuenta = NT AUTHORITY\NetworkService,  Detección de exclusión del firewall = 0 Puente de transacciones instalado = 0 Filtrar eventos duplicados = 1"
Información,17/11/2024 15:09:38,edgeupdate,0,Ninguno,Service stopped.
Información,17/11/2024 15:08:40,Microsoft-Windows-WMI,5617,Ninguno,Los subsistemas del servicio Instrumental de administración de Windows se inicializaron correctamente
Información,17/11/2024 15:08:33,Microsoft-Windows-WMI,5611,Ninguno,El servicio Instrumental de administración de Windows detectó un cierre del sistema incoherente.
Información,17/11/2024 15:08:06,Microsoft-Windows-Security-SPP,903,Ninguno,"Se detuvo el servicio de protección de software.
"
Información,17/11/2024 15:08:06,Microsoft-Windows-Security-SPP,16384,Ninguno,El servicio de protección de software se programó correctamente para reiniciarse a las 2024-11-18T14:07:06Z. Motivo: TBL.
Información,17/11/2024 15:07:33,Microsoft-Windows-Security-SPP,902,Ninguno,"Se inició el servicio de protección de software.
10.0.20348.587"
Información,17/11/2024 15:07:33,Microsoft-Windows-Security-SPP,1037,Ninguno,Tiempo de licencia con límite de tiempo que queda: validity horas 259095 minutos.
Información,17/11/2024 15:07:33,Microsoft-Windows-Security-SPP,1003,Ninguno,"El servicio de protección de software completó la comprobación del estado de licencias.
Id. de aplicación=55c92734-d682-4d71-983e-d6ec3f16059f
Estado de licencias=
1: 1d02774d-66ab-4c57-8b14-e254fdce09d4, 1, 1 [(0 [0x00000000, 1, 0], [(?)( 1 0x00000000)(?)( 2 0x00000000 0 0 msft:rm/algorithm/hwid/4.0 0x00000000 0)(?)( 9 0x00000000 180 259095)( 10 0x00000000 msft:rm/algorithm/flags/1.0)(?)])(1 )(2 )(3 )]

"
Información,17/11/2024 15:07:33,Microsoft-Windows-Security-SPP,1066,Ninguno,"Estado de inicialización para objetos de servicio.
C:\Windows\system32\sppwinob.dll, msft:spp/windowsfunctionality/agent/7.0, 0x00000000, 0x00000000
C:\Windows\system32\sppobjs.dll, msft:rm/algorithm/inherited/1.0, 0x00000000, 0x00000000
C:\Windows\system32\sppobjs.dll, msft:rm/algorithm/phone/1.0, 0x00000000, 0x00000000
C:\Windows\system32\sppobjs.dll, msft:rm/algorithm/pkey/detect, 0x00000000, 0x00000000
C:\Windows\system32\sppobjs.dll, msft:spp/ActionScheduler/1.0, 0x00000000, 0x00000000
C:\Windows\system32\sppobjs.dll, msft:spp/TaskScheduler/1.0, 0x00000000, 0x00000000
C:\Windows\system32\sppobjs.dll, msft:spp/statecollector/pkey, 0x00000000, 0x00000000
C:\Windows\system32\sppobjs.dll, msft:spp/volume/services/kms/1.0, 0x00000000, 0x00000000
C:\Windows\system32\sppobjs.dll, msft:spp/volume/services/kms/activationinfo/1.0, 0x00000000, 0x00000000
"
Información,17/11/2024 15:07:33,Microsoft-Windows-Security-SPP,16394,Ninguno,La migración de nivel inferior sin conexión se realizó correctamente.
Información,17/11/2024 15:07:30,Microsoft-Windows-Security-SPP,900,Ninguno,"Se está iniciando el servicio de protección de software.
Parámetros:TriggerStarted:6"
Información,17/11/2024 15:07:30,Microsoft-Windows-WMI,5615,Ninguno,El servicio Instrumental de administración de Windows se inició correctamente
Advertencia,17/11/2024 15:07:30,EvntAgnt,3007,Ninguno,Error al abrir el archivo de registro de evento State. No se procesará el registro. El código devuelto desde OpenEventLog es 87.
Advertencia,17/11/2024 15:07:29,EvntAgnt,3007,Ninguno,Error al abrir el archivo de registro de evento Parameters. No se procesará el registro. El código devuelto desde OpenEventLog es 87.
Error,17/11/2024 15:07:28,VSS,8193,Ninguno,"Error del Servicio de instantáneas de volumen: error inesperado al llamar a la rutina RegOpenKeyExW(-2147483646,SYSTEM\CurrentControlSet\Services\VSS\Diag,...). HR = 0x80070005, Acceso denegado.
. 

Operación:
   Inicializando el escritor

Contexto:
   Id. de clase del escritor: {e8132975-6f93-4464-a53e-1050253ae220}
   Nombre del escritor: System Writer
   Id. de instancia del escritor: {79a2447f-a680-41b6-b0f5-d4f66700229d}"
Información,17/11/2024 15:07:24,Microsoft-Windows-User Profiles Service,1531,Ninguno,"El Servicio de perfiles de usuario se ha iniciado correctamente. 

"
Información,17/11/2024 14:16:48,.NET Runtime Optimization Service,1130,Ninguno,.NET Runtime Optimization Service (4.0.30319.0) - Installed from repository: mscorlib
Información,17/11/2024 14:11:12,Microsoft-Windows-Security-SPP,16384,Ninguno,El servicio de protección de software se programó correctamente para reiniciarse a las 2025-04-16T12:21:02Z. Motivo: RulesEngine.
Información,17/11/2024 14:10:24,Microsoft-Windows-Security-SPP,16394,Ninguno,La migración de nivel inferior sin conexión se realizó correctamente.
Información,17/11/2024 14:02:21,Windows Error Reporting,1001,Ninguno,"Depósito con errores 1314452627427863605, tipo 5
Nombre de evento: RADAR_PRE_LEAK_64
Respuesta: No disponible
Identificador de archivo .cab: 0

Firma del problema:
P1: sqlservr.exe
P2: 2014.120.5214.6
P3: 10.0.20348.2.0.0
P4: 
P5: 
P6: 
P7: 
P8: 
P9: 
P10: 

Archivos adjuntos:
\\?\C:\Users\ADMINI~1\AppData\Local\Temp\RDRF6A3.tmp\empty.txt
\\?\C:\ProgramData\Microsoft\Windows\WER\Temp\WER.76a14853-0a37-48bd-a9c3-85c22117329d.tmp.WERInternalMetadata.xml
\\?\C:\ProgramData\Microsoft\Windows\WER\Temp\WER.4b929b1c-78bf-4c70-b8ed-61b72135de83.tmp.xml
\\?\C:\ProgramData\Microsoft\Windows\WER\Temp\WER.45fe30b6-fd52-431c-90dc-665b0c9a0f51.tmp.csv
\\?\C:\ProgramData\Microsoft\Windows\WER\Temp\WER.b420ca13-69e5-42b7-bd21-719fb8d18a27.tmp.txt

Es posible que estos archivos estén disponibles aquí:


Símbolo de análisis: 
Nueva búsqueda de una solución: 0
Id. de informe: 5719ca14-1856-43ae-ab65-fb1d0697796d
Estado del informe: 268435456
Depósito con algoritmo hash: a674ccca91cd64d6923ddfb34beaac35
GUID de archivo .cab: 0"
Información,17/11/2024 14:01:04,Microsoft-Windows-Security-SPP,16384,Ninguno,El servicio de protección de software se programó correctamente para reiniciarse a las 2025-04-16T12:21:04Z. Motivo: RulesEngine.
Información,17/11/2024 14:00:34,Microsoft-Windows-Security-SPP,1033,Ninguno,"Se excluyeron las directivas porque solo están definidas con el atributo de solo invalidación.
Nombres de directiva=(Security-SPP-Reserved-EnableNotificationMode) 
Id. de aplicación=55c92734-d682-4d71-983e-d6ec3f16059f
Id. de SKU=1d02774d-66ab-4c57-8b14-e254fdce09d4"
Información,17/11/2024 14:00:34,Microsoft-Windows-Security-SPP,1034,Ninguno,Se encontró una definición duplicada de la directiva. Nombre de directiva=Security-SPP-Reserved-LicenseProperties  Prioridad=100
Información,17/11/2024 14:00:33,Microsoft-Windows-Security-SPP,16394,Ninguno,La migración de nivel inferior sin conexión se realizó correctamente.
Información,17/11/2024 13:58:15,VSS,8224,Ninguno,El servicio VSS se está cerrando por un tiempo de espera inactivo. 
Error,17/11/2024 13:54:51,Microsoft-Windows-WMI,24,Ninguno,"El proveedor de eventos nfscimprov intentó registrar la consulta ""select * from MSFT_NfsShareEvent"" en la que no existe la clase de destino ""MSFT_NfsShareEvent"" en el espacio de nombres //./ROOT/Microsoft/Windows/NFS. Se omitirá la consulta."
Error,17/11/2024 13:54:51,Microsoft-Windows-WMI,24,Ninguno,"El proveedor de eventos  intentó registrar la consulta ""select * from MSFT_NfsShareEvent"" en la que no existe la clase de destino ""MSFT_NfsShareEvent"" en el espacio de nombres //./ROOT/Microsoft/Windows/NFS. Se omitirá la consulta."
Error,17/11/2024 13:54:48,Microsoft-Windows-WMI,24,Ninguno,"El proveedor de eventos GatewayHealthMonitorProvider intentó registrar la consulta ""select * from MSFT_GatewayHealthEvent"" en la que no existe la clase de destino ""MSFT_GatewayHealthEvent"" en el espacio de nombres //./root/Microsoft/Windows/RemoteAccess/GatewayHealthMonitor. Se omitirá la consulta."
Error,17/11/2024 13:54:48,Microsoft-Windows-WMI,24,Ninguno,"El proveedor de eventos  intentó registrar la consulta ""select * from MSFT_GatewayHealthEvent"" en la que no existe la clase de destino ""MSFT_GatewayHealthEvent"" en el espacio de nombres //./root/Microsoft/Windows/RemoteAccess/GatewayHealthMonitor. Se omitirá la consulta."
Error,17/11/2024 13:54:47,Microsoft-Windows-WMI,24,Ninguno,"El proveedor de eventos RAServerPSProvider intentó registrar la consulta ""select * from RemoteAccessError"" en la que no existe la clase de destino ""RemoteAccessError"" en el espacio de nombres //./ROOT/Microsoft/Windows/RemoteAccess/Server. Se omitirá la consulta."
Error,17/11/2024 13:54:47,Microsoft-Windows-WMI,24,Ninguno,"El proveedor de eventos  intentó registrar la consulta ""select * from RemoteAccessError"" en la que no existe la clase de destino ""RemoteAccessError"" en el espacio de nombres //./ROOT/Microsoft/Windows/RemoteAccess/Server. Se omitirá la consulta."
Error,17/11/2024 13:54:44,Microsoft-Windows-WMI,24,Ninguno,"El proveedor de eventos RAMgmtPSProvider intentó registrar la consulta ""select * from RemoteAccessError"" en la que no existe la clase de destino ""RemoteAccessError"" en el espacio de nombres //./ROOT/Microsoft/Windows/RemoteAccess. Se omitirá la consulta."
Error,17/11/2024 13:54:44,Microsoft-Windows-WMI,24,Ninguno,"El proveedor de eventos  intentó registrar la consulta ""select * from RemoteAccessError"" en la que no existe la clase de destino ""RemoteAccessError"" en el espacio de nombres //./ROOT/Microsoft/Windows/RemoteAccess. Se omitirá la consulta."
Error,17/11/2024 13:54:44,Microsoft-Windows-WMI,24,Ninguno,"El proveedor de eventos BgpServerProvider intentó registrar la consulta ""select * from RouteEvent2"" en la que no existe la clase de destino ""RouteEvent2"" en el espacio de nombres //./root/Microsoft/Windows/RemoteAccess/Routing. Se omitirá la consulta."
Error,17/11/2024 13:54:44,Microsoft-Windows-WMI,24,Ninguno,"El proveedor de eventos BgpServerProvider intentó registrar la consulta ""select * from RouteEvent"" en la que no existe la clase de destino ""RouteEvent"" en el espacio de nombres //./root/Microsoft/Windows/RemoteAccess/Routing. Se omitirá la consulta."
Error,17/11/2024 13:54:44,Microsoft-Windows-WMI,24,Ninguno,"El proveedor de eventos  intentó registrar la consulta ""select * from RouteEvent2"" en la que no existe la clase de destino ""RouteEvent2"" en el espacio de nombres //./root/Microsoft/Windows/RemoteAccess/Routing. Se omitirá la consulta."
